<?xml version="1.0" encoding="UTF-8"?>
<!-- Generated by org.testng.reporters.JUnitReportReporter -->
<testsuite hostname="BIKSHAMRAJNAMMA" failures="0" tests="2" name="TestLayer.RegistrationPageTest" time="15.733" errors="0" timestamp="2023-12-20T21:24:15 IST" skipped="0">
  <testcase classname="TestLayer.RegistrationPageTest" name="registartionpagevalidate" time="7.540"/>
  <system-out/>
  <testcase classname="TestLayer.RegistrationPageTest" name="registartionpagevalidate" time="8.193"/>
  <system-out/>
</testsuite> <!-- TestLayer.RegistrationPageTest -->
